<?xml version="1.0" encoding="UTF-8"?>
<testng-results ignored="0" total="1" passed="1" failed="0" skipped="0">
  <reporter-output>
  </reporter-output>
  <suite started-at="2024-11-27T16:26:40 IST" name="Default suite" finished-at="2024-11-27T16:26:53 IST" duration-ms="12939">
    <groups>
      <group name="smoke">
        <method signature="TC_VT_001_Test.OnorganizationLink()[pri:0, instance:com.crm.organization.TC_VT_001_Test@1fa121e2]" name="OnorganizationLink" class="com.crm.organization.TC_VT_001_Test"/>
      </group> <!-- smoke -->
    </groups>
    <test started-at="2024-11-27T16:26:40 IST" name="Default test" finished-at="2024-11-27T16:26:53 IST" duration-ms="12939">
      <class name="com.crm.organization.TC_VT_001_Test">
        <test-method is-config="true" signature="reportConfig()[pri:0, instance:com.crm.organization.TC_VT_001_Test@1fa121e2]" started-at="2024-11-27T16:26:39 IST" name="reportConfig" finished-at="2024-11-27T16:26:40 IST" duration-ms="374" status="PASS">
          <reporter-output>
          </reporter-output>
        </test-method> <!-- reportConfig -->
        <test-method is-config="true" signature="launchBrowser(java.lang.String)[pri:0, instance:com.crm.organization.TC_VT_001_Test@1fa121e2]" started-at="2024-11-27T16:26:40 IST" name="launchBrowser" finished-at="2024-11-27T16:26:44 IST" duration-ms="4147" status="PASS">
          <params>
            <param index="0">
              <value>
                <![CDATA[chrome]]>
              </value>
            </param>
          </params>
          <reporter-output>
          </reporter-output>
        </test-method> <!-- launchBrowser -->
        <test-method is-config="true" signature="login()[pri:0, instance:com.crm.organization.TC_VT_001_Test@1fa121e2]" started-at="2024-11-27T16:26:44 IST" name="login" finished-at="2024-11-27T16:26:46 IST" duration-ms="2469" status="PASS">
          <reporter-output>
          </reporter-output>
        </test-method> <!-- login -->
        <test-method signature="OnorganizationLink()[pri:0, instance:com.crm.organization.TC_VT_001_Test@1fa121e2]" started-at="2024-11-27T16:26:46 IST" name="OnorganizationLink" finished-at="2024-11-27T16:26:51 IST" duration-ms="4652" status="PASS">
          <reporter-output>
          </reporter-output>
        </test-method> <!-- OnorganizationLink -->
        <test-method is-config="true" signature="logout()[pri:0, instance:com.crm.organization.TC_VT_001_Test@1fa121e2]" started-at="2024-11-27T16:26:51 IST" name="logout" finished-at="2024-11-27T16:26:52 IST" duration-ms="1338" status="PASS">
          <reporter-output>
          </reporter-output>
        </test-method> <!-- logout -->
        <test-method is-config="true" signature="closeBrowser()[pri:0, instance:com.crm.organization.TC_VT_001_Test@1fa121e2]" started-at="2024-11-27T16:26:52 IST" name="closeBrowser" finished-at="2024-11-27T16:26:53 IST" duration-ms="286" status="PASS">
          <reporter-output>
          </reporter-output>
        </test-method> <!-- closeBrowser -->
        <test-method is-config="true" signature="reportBackup()[pri:0, instance:com.crm.organization.TC_VT_001_Test@1fa121e2]" started-at="2024-11-27T16:26:53 IST" name="reportBackup" finished-at="2024-11-27T16:26:53 IST" duration-ms="455" status="PASS">
          <reporter-output>
          </reporter-output>
        </test-method> <!-- reportBackup -->
      </class> <!-- com.crm.organization.TC_VT_001_Test -->
    </test> <!-- Default test -->
  </suite> <!-- Default suite -->
</testng-results>
