<?xml version="1.0" encoding="UTF-8"?>
<testng-results ignored="0" total="1" passed="1" failed="0" skipped="0">
  <reporter-output>
  </reporter-output>
  <suite started-at="2024-11-27T14:22:31 IST" name="Default suite" finished-at="2024-11-27T14:22:50 IST" duration-ms="19337">
    <groups>
    </groups>
    <test started-at="2024-11-27T14:22:31 IST" name="Default test" finished-at="2024-11-27T14:22:50 IST" duration-ms="19337">
      <class name="com.crm.contacts.TC_VT_003_Test">
        <test-method is-config="true" signature="reportConfig()[pri:0, instance:com.crm.contacts.TC_VT_003_Test@1fa121e2]" started-at="2024-11-27T14:22:31 IST" name="reportConfig" finished-at="2024-11-27T14:22:31 IST" duration-ms="356" status="PASS">
          <reporter-output>
          </reporter-output>
        </test-method> <!-- reportConfig -->
        <test-method is-config="true" signature="launchBrowser(java.lang.String)[pri:0, instance:com.crm.contacts.TC_VT_003_Test@1fa121e2]" started-at="2024-11-27T14:22:31 IST" name="launchBrowser" finished-at="2024-11-27T14:22:35 IST" duration-ms="4138" status="PASS">
          <params>
            <param index="0">
              <value>
                <![CDATA[chrome]]>
              </value>
            </param>
          </params>
          <reporter-output>
          </reporter-output>
        </test-method> <!-- launchBrowser -->
        <test-method is-config="true" signature="login()[pri:0, instance:com.crm.contacts.TC_VT_003_Test@1fa121e2]" started-at="2024-11-27T14:22:35 IST" name="login" finished-at="2024-11-27T14:22:38 IST" duration-ms="2385" status="PASS">
          <reporter-output>
          </reporter-output>
        </test-method> <!-- login -->
        <test-method signature="createContactWithOrgName()[pri:0, instance:com.crm.contacts.TC_VT_003_Test@1fa121e2]" started-at="2024-11-27T14:22:38 IST" name="createContactWithOrgName" finished-at="2024-11-27T14:22:49 IST" duration-ms="10955" status="PASS">
          <reporter-output>
          </reporter-output>
        </test-method> <!-- createContactWithOrgName -->
        <test-method is-config="true" signature="logout()[pri:0, instance:com.crm.contacts.TC_VT_003_Test@1fa121e2]" started-at="2024-11-27T14:22:49 IST" name="logout" finished-at="2024-11-27T14:22:50 IST" duration-ms="1493" status="PASS">
          <reporter-output>
          </reporter-output>
        </test-method> <!-- logout -->
        <test-method is-config="true" signature="closeBrowser()[pri:0, instance:com.crm.contacts.TC_VT_003_Test@1fa121e2]" started-at="2024-11-27T14:22:50 IST" name="closeBrowser" finished-at="2024-11-27T14:22:50 IST" duration-ms="314" status="PASS">
          <reporter-output>
          </reporter-output>
        </test-method> <!-- closeBrowser -->
        <test-method is-config="true" signature="reportBackup()[pri:0, instance:com.crm.contacts.TC_VT_003_Test@1fa121e2]" started-at="2024-11-27T14:22:50 IST" name="reportBackup" finished-at="2024-11-27T14:22:51 IST" duration-ms="448" status="PASS">
          <reporter-output>
          </reporter-output>
        </test-method> <!-- reportBackup -->
      </class> <!-- com.crm.contacts.TC_VT_003_Test -->
    </test> <!-- Default test -->
  </suite> <!-- Default suite -->
</testng-results>
